<html>
<head>
<title>TestNG:  SampleTest</title>
<link href="../testng.css" rel="stylesheet" type="text/css" />
<link href="../my-testng.css" rel="stylesheet" type="text/css" />

<style type="text/css">
.log { display: none;} 
.stack-trace { display: none;} 
</style>
<script type="text/javascript">
<!--
function flip(e) {
  current = e.style.display;
  if (current == 'block') {
    e.style.display = 'none';
    return 0;
  }
  else {
    e.style.display = 'block';
    return 1;
  }
}

function toggleBox(szDivId, elem, msg1, msg2)
{
  var res = -1;  if (document.getElementById) {
    res = flip(document.getElementById(szDivId));
  }
  else if (document.all) {
    // this is the way old msie versions work
    res = flip(document.all[szDivId]);
  }
  if(elem) {
    if(res == 0) elem.innerHTML = msg1; else elem.innerHTML = msg2;
  }

}

function toggleAllBoxes() {
  if (document.getElementsByTagName) {
    d = document.getElementsByTagName('div');
    for (i = 0; i < d.length; i++) {
      if (d[i].className == 'log') {
        flip(d[i]);
      }
    }
  }
}

// -->
</script>

</head>
<body>
<h2 align='center'>SampleTest</h2><table border='1' align="center">
<tr>
<td>Tests passed/Failed/Skipped:</td><td>3/3/0</td>
</tr><tr>
<td>Started on:</td><td>Tue Dec 01 15:19:54 IST 2020</td>
</tr>
<tr><td>Total time:</td><td>368 seconds (368712 ms)</td>
</tr><tr>
<td>Included groups:</td><td></td>
</tr><tr>
<td>Excluded groups:</td><td></td>
</tr>
</table><p/>
<small><i>(Hover the method name to see the test class name)</i></small><p/>
<table width='100%' border='1' class='invocation-failed'>
<tr><td colspan='4' align='center'><b>FAILED CONFIGURATIONS</b></td></tr>
<tr><td><b>Test method</b></td>
<td width="30%"><b>Exception</b></td>
<td width="10%"><b>Time (seconds)</b></td>
<td><b>Instance</b></td>
</tr>
<tr>
<td title='com.atmecs.falcon_framework.testscript.FillingChatBox.teardown()'><b>teardown</b><br>Test class: com.atmecs.falcon_framework.testscript.FillingChatBox</td>
<td><div><pre>org.openqa.selenium.NoSuchSessionException: Tried to run command without establishing a connection
Build info: version: &apos;3.141.59&apos;, revision: &apos;e82be7d358&apos;, time: &apos;2018-11-14T08:17:03&apos;
System info: host: &apos;ATMECSINLT-601&apos;, ip: &apos;192.168.201.67&apos;, os.name: &apos;Windows 10&apos;, os.arch: &apos;amd64&apos;, os.version: &apos;10.0&apos;, java.version: &apos;14.0.1&apos;
Driver info: org.openqa.selenium.firefox.FirefoxDriver
Capabilities {acceptInsecureCerts: true, browserName: firefox, browserVersion: 83.0, javascriptEnabled: true, moz:accessibilityChecks: false, moz:buildID: 20201112153044, moz:geckodriverVersion: 0.28.0, moz:headless: false, moz:processID: 13200, moz:profile: C:\Users\alfin.anthonyraj\A..., moz:shutdownTimeout: 60000, moz:useNonSpecCompliantPointerOrigin: false, moz:webdriverClick: true, pageLoadStrategy: normal, platform: WINDOWS, platformName: WINDOWS, platformVersion: 10.0, rotatable: false, setWindowRect: true, strictFileInteractability: false, timeouts: {implicit: 0, pageLoad: 300000, script: 30000}, unhandledPromptBehavior: dismiss and notify}
Session ID: c65ac760-7fc3-4512-8960-66caf5fbda41
	at org.openqa.selenium.remote.http.W3CHttpResponseCodec.createException(W3CHttpResponseCodec.java:187)
	at org.openqa.selenium.remote.http.W3CHttpResponseCodec.decode(W3CHttpResponseCodec.java:122)
	at org.openqa.selenium.remote.http.W3CHttpResponseCodec.decode(W3CHttpResponseCodec.java:49)
	at org.openqa.selenium.remote.HttpCommandExecutor.execute(HttpCommandExecutor.java:158)
	at org.openqa.selenium.remote.service.DriverCommandExecutor.execute(DriverCommandExecutor.java:83)
	at org.openqa.selenium.remote.RemoteWebDriver.execute(RemoteWebDriver.java:552)
	at org.openqa.selenium.remote.RemoteWebDriver.execute(RemoteWebDriver.java:609)
	at org.openqa.selenium.remote.RemoteWebDriver.close(RemoteWebDriver.java:442)
	at com.atmecs.falcon.automation.ui.selenium.Browser.closeBrowser(Browser.java:123)
	at com.atmecs.falcon_framework.testsuite.SampleTestSuiteBase.teardown(SampleTestSuiteBase.java:23)
	at com.atmecs.falcon_framework.runner.TestNGRunner.main(TestNGRunner.java:65)
	at org.codehaus.mojo.exec.ExecJavaMojo$1.run(ExecJavaMojo.java:294)
	at java.base/java.lang.Thread.run(Thread.java:832)
... Removed 32 stack frames</pre></div><a href='#' onClick='toggleBox("stack-trace915547346", this, "Click to show all stack frames", "Click to hide stack frames")'>Click to show all stack frames</a>
<div class='stack-trace' id='stack-trace915547346'><pre>org.openqa.selenium.NoSuchSessionException: Tried to run command without establishing a connection
Build info: version: &apos;3.141.59&apos;, revision: &apos;e82be7d358&apos;, time: &apos;2018-11-14T08:17:03&apos;
System info: host: &apos;ATMECSINLT-601&apos;, ip: &apos;192.168.201.67&apos;, os.name: &apos;Windows 10&apos;, os.arch: &apos;amd64&apos;, os.version: &apos;10.0&apos;, java.version: &apos;14.0.1&apos;
Driver info: org.openqa.selenium.firefox.FirefoxDriver
Capabilities {acceptInsecureCerts: true, browserName: firefox, browserVersion: 83.0, javascriptEnabled: true, moz:accessibilityChecks: false, moz:buildID: 20201112153044, moz:geckodriverVersion: 0.28.0, moz:headless: false, moz:processID: 13200, moz:profile: C:\Users\alfin.anthonyraj\A..., moz:shutdownTimeout: 60000, moz:useNonSpecCompliantPointerOrigin: false, moz:webdriverClick: true, pageLoadStrategy: normal, platform: WINDOWS, platformName: WINDOWS, platformVersion: 10.0, rotatable: false, setWindowRect: true, strictFileInteractability: false, timeouts: {implicit: 0, pageLoad: 300000, script: 30000}, unhandledPromptBehavior: dismiss and notify}
Session ID: c65ac760-7fc3-4512-8960-66caf5fbda41
	at java.base/jdk.internal.reflect.NativeConstructorAccessorImpl.newInstance0(Native Method)
	at java.base/jdk.internal.reflect.NativeConstructorAccessorImpl.newInstance(NativeConstructorAccessorImpl.java:62)
	at java.base/jdk.internal.reflect.DelegatingConstructorAccessorImpl.newInstance(DelegatingConstructorAccessorImpl.java:45)
	at java.base/java.lang.reflect.Constructor.newInstanceWithCaller(Constructor.java:500)
	at java.base/java.lang.reflect.Constructor.newInstance(Constructor.java:481)
	at org.openqa.selenium.remote.http.W3CHttpResponseCodec.createException(W3CHttpResponseCodec.java:187)
	at org.openqa.selenium.remote.http.W3CHttpResponseCodec.decode(W3CHttpResponseCodec.java:122)
	at org.openqa.selenium.remote.http.W3CHttpResponseCodec.decode(W3CHttpResponseCodec.java:49)
	at org.openqa.selenium.remote.HttpCommandExecutor.execute(HttpCommandExecutor.java:158)
	at org.openqa.selenium.remote.service.DriverCommandExecutor.execute(DriverCommandExecutor.java:83)
	at org.openqa.selenium.remote.RemoteWebDriver.execute(RemoteWebDriver.java:552)
	at org.openqa.selenium.remote.RemoteWebDriver.execute(RemoteWebDriver.java:609)
	at org.openqa.selenium.remote.RemoteWebDriver.close(RemoteWebDriver.java:442)
	at com.atmecs.falcon.automation.ui.selenium.Browser.closeBrowser(Browser.java:123)
	at com.atmecs.falcon_framework.testsuite.SampleTestSuiteBase.teardown(SampleTestSuiteBase.java:23)
	at java.base/jdk.internal.reflect.NativeMethodAccessorImpl.invoke0(Native Method)
	at java.base/jdk.internal.reflect.NativeMethodAccessorImpl.invoke(NativeMethodAccessorImpl.java:62)
	at java.base/jdk.internal.reflect.DelegatingMethodAccessorImpl.invoke(DelegatingMethodAccessorImpl.java:43)
	at java.base/java.lang.reflect.Method.invoke(Method.java:564)
	at org.testng.internal.MethodInvocationHelper.invokeMethod(MethodInvocationHelper.java:124)
	at org.testng.internal.MethodInvocationHelper.invokeMethodConsideringTimeout(MethodInvocationHelper.java:59)
	at org.testng.internal.Invoker.invokeConfigurationMethod(Invoker.java:458)
	at org.testng.internal.Invoker.invokeConfigurations(Invoker.java:222)
	at org.testng.internal.Invoker.invokeConfigurations(Invoker.java:142)
	at org.testng.internal.TestMethodWorker.invokeAfterClassMethods(TestMethodWorker.java:214)
	at org.testng.internal.TestMethodWorker.run(TestMethodWorker.java:111)
	at org.testng.TestRunner.privateRun(TestRunner.java:648)
	at org.testng.TestRunner.run(TestRunner.java:505)
	at org.testng.SuiteRunner.runTest(SuiteRunner.java:455)
	at org.testng.SuiteRunner.runSequentially(SuiteRunner.java:450)
	at org.testng.SuiteRunner.privateRun(SuiteRunner.java:415)
	at org.testng.SuiteRunner.run(SuiteRunner.java:364)
	at org.testng.SuiteRunnerWorker.runSuite(SuiteRunnerWorker.java:52)
	at org.testng.SuiteRunnerWorker.run(SuiteRunnerWorker.java:84)
	at org.testng.TestNG.runSuitesSequentially(TestNG.java:1208)
	at org.testng.TestNG.runSuitesLocally(TestNG.java:1137)
	at org.testng.TestNG.runSuites(TestNG.java:1049)
	at org.testng.TestNG.run(TestNG.java:1017)
	at com.atmecs.falcon_framework.runner.TestNGRunner.main(TestNGRunner.java:65)
	at java.base/jdk.internal.reflect.NativeMethodAccessorImpl.invoke0(Native Method)
	at java.base/jdk.internal.reflect.NativeMethodAccessorImpl.invoke(NativeMethodAccessorImpl.java:62)
	at java.base/jdk.internal.reflect.DelegatingMethodAccessorImpl.invoke(DelegatingMethodAccessorImpl.java:43)
	at java.base/java.lang.reflect.Method.invoke(Method.java:564)
	at org.codehaus.mojo.exec.ExecJavaMojo$1.run(ExecJavaMojo.java:294)
	at java.base/java.lang.Thread.run(Thread.java:832)
</pre></div></td>
<td>0</td>
<td>com.atmecs.falcon_framework.testscript.FillingChatBox@3fe4669b</td></tr>
</table><p>
<table width='100%' border='1' class='invocation-failed'>
<tr><td colspan='4' align='center'><b>FAILED TESTS</b></td></tr>
<tr><td><b>Test method</b></td>
<td width="30%"><b>Exception</b></td>
<td width="10%"><b>Time (seconds)</b></td>
<td><b>Instance</b></td>
</tr>
<tr>
<td title='com.atmecs.falcon_framework.testscript.FillingChatBox.Form_filling()'><b>Form_filling</b><br>Test class: com.atmecs.falcon_framework.testscript.FillingChatBox<br>Parameters: def, 8.745849845E9, def@gmail.com<br/>
<a href="#Output-1163738093" onClick='toggleBox("Output-1163738093", this, "Show output", "Hide output");'>Show output</a>

<a href="#Output-1163738093" onClick="toggleAllBoxes();">Show all outputs</a>
<div class='log' id="Output-1163738093">
Opening browser: firefox<br/>
Maximizing browser window<br/>
Switching to frame<br/>
Unable to navigate to frame with element [[FirefoxDriver: firefox on WINDOWS (12588390-9221-45b7-84a9-878c2cbb1136)] -> xpath: //iframe[@id='chat-widget']]<br/>
Clicking chat icon<br/>
No such element found with xpath //div[@class='lc-1z06j5z e1dmt1bi1']<br/>
Locator type doesn't exist null<br/>
Entering name<br/>
No such element found with xpath //input[@id='name']<br/>
</div>
</td>
<td><div><pre>java.lang.NullPointerException
	at com.atmecs.falcon.automation.ui.selenium.TextField.enterTextField(TextField.java:45)
	at com.atmecs.falcon_framework.pages.FillingChatFormPage.enterUserName(FillingChatFormPage.java:37)
	at com.atmecs.falcon_framework.testscript.FillingChatBox.Form_filling(FillingChatBox.java:38)
	at com.atmecs.falcon_framework.runner.TestNGRunner.main(TestNGRunner.java:65)
	at org.codehaus.mojo.exec.ExecJavaMojo$1.run(ExecJavaMojo.java:294)
	at java.base/java.lang.Thread.run(Thread.java:832)
... Removed 26 stack frames</pre></div><a href='#' onClick='toggleBox("stack-trace1163738093", this, "Click to show all stack frames", "Click to hide stack frames")'>Click to show all stack frames</a>
<div class='stack-trace' id='stack-trace1163738093'><pre>java.lang.NullPointerException
	at com.atmecs.falcon.automation.ui.selenium.TextField.enterTextField(TextField.java:45)
	at com.atmecs.falcon_framework.pages.FillingChatFormPage.enterUserName(FillingChatFormPage.java:37)
	at com.atmecs.falcon_framework.testscript.FillingChatBox.Form_filling(FillingChatBox.java:38)
	at java.base/jdk.internal.reflect.NativeMethodAccessorImpl.invoke0(Native Method)
	at java.base/jdk.internal.reflect.NativeMethodAccessorImpl.invoke(NativeMethodAccessorImpl.java:62)
	at java.base/jdk.internal.reflect.DelegatingMethodAccessorImpl.invoke(DelegatingMethodAccessorImpl.java:43)
	at java.base/java.lang.reflect.Method.invoke(Method.java:564)
	at org.testng.internal.MethodInvocationHelper.invokeMethod(MethodInvocationHelper.java:124)
	at org.testng.internal.Invoker.invokeMethod(Invoker.java:583)
	at org.testng.internal.Invoker.invokeTestMethod(Invoker.java:719)
	at org.testng.internal.Invoker.invokeTestMethods(Invoker.java:989)
	at org.testng.internal.TestMethodWorker.invokeTestMethods(TestMethodWorker.java:125)
	at org.testng.internal.TestMethodWorker.run(TestMethodWorker.java:109)
	at org.testng.TestRunner.privateRun(TestRunner.java:648)
	at org.testng.TestRunner.run(TestRunner.java:505)
	at org.testng.SuiteRunner.runTest(SuiteRunner.java:455)
	at org.testng.SuiteRunner.runSequentially(SuiteRunner.java:450)
	at org.testng.SuiteRunner.privateRun(SuiteRunner.java:415)
	at org.testng.SuiteRunner.run(SuiteRunner.java:364)
	at org.testng.SuiteRunnerWorker.runSuite(SuiteRunnerWorker.java:52)
	at org.testng.SuiteRunnerWorker.run(SuiteRunnerWorker.java:84)
	at org.testng.TestNG.runSuitesSequentially(TestNG.java:1208)
	at org.testng.TestNG.runSuitesLocally(TestNG.java:1137)
	at org.testng.TestNG.runSuites(TestNG.java:1049)
	at org.testng.TestNG.run(TestNG.java:1017)
	at com.atmecs.falcon_framework.runner.TestNGRunner.main(TestNGRunner.java:65)
	at java.base/jdk.internal.reflect.NativeMethodAccessorImpl.invoke0(Native Method)
	at java.base/jdk.internal.reflect.NativeMethodAccessorImpl.invoke(NativeMethodAccessorImpl.java:62)
	at java.base/jdk.internal.reflect.DelegatingMethodAccessorImpl.invoke(DelegatingMethodAccessorImpl.java:43)
	at java.base/java.lang.reflect.Method.invoke(Method.java:564)
	at org.codehaus.mojo.exec.ExecJavaMojo$1.run(ExecJavaMojo.java:294)
	at java.base/java.lang.Thread.run(Thread.java:832)
</pre></div></td>
<td>54</td>
<td>com.atmecs.falcon_framework.testscript.FillingChatBox@3fe4669b</td></tr>
<tr>
<td title='com.atmecs.falcon_framework.testscript.FillingChatBox.Form_filling()'><b>Form_filling</b><br>Test class: com.atmecs.falcon_framework.testscript.FillingChatBox<br>Parameters: dhf, 9.848734788E9, dhf@gmail.com<br/>
<a href="#Output-51296351" onClick='toggleBox("Output-51296351", this, "Show output", "Hide output");'>Show output</a>

<a href="#Output-51296351" onClick="toggleAllBoxes();">Show all outputs</a>
<div class='log' id="Output-51296351">
Opening browser: firefox<br/>
Maximizing browser window<br/>
Switching to frame<br/>
Unable to navigate to frame with element [[FirefoxDriver: firefox on WINDOWS (ad86bebf-ca04-4ff4-8f78-30fb1ca6d051)] -> xpath: //iframe[@id='chat-widget']]<br/>
Clicking chat icon<br/>
No such element found with xpath //div[@class='lc-1z06j5z e1dmt1bi1']<br/>
Locator type doesn't exist null<br/>
Entering name<br/>
No such element found with xpath //input[@id='name']<br/>
</div>
</td>
<td><div><pre>java.lang.NullPointerException
	at com.atmecs.falcon.automation.ui.selenium.TextField.enterTextField(TextField.java:45)
	at com.atmecs.falcon_framework.pages.FillingChatFormPage.enterUserName(FillingChatFormPage.java:37)
	at com.atmecs.falcon_framework.testscript.FillingChatBox.Form_filling(FillingChatBox.java:38)
	at com.atmecs.falcon_framework.runner.TestNGRunner.main(TestNGRunner.java:65)
	at org.codehaus.mojo.exec.ExecJavaMojo$1.run(ExecJavaMojo.java:294)
	at java.base/java.lang.Thread.run(Thread.java:832)
... Removed 26 stack frames</pre></div><a href='#' onClick='toggleBox("stack-trace51296351", this, "Click to show all stack frames", "Click to hide stack frames")'>Click to show all stack frames</a>
<div class='stack-trace' id='stack-trace51296351'><pre>java.lang.NullPointerException
	at com.atmecs.falcon.automation.ui.selenium.TextField.enterTextField(TextField.java:45)
	at com.atmecs.falcon_framework.pages.FillingChatFormPage.enterUserName(FillingChatFormPage.java:37)
	at com.atmecs.falcon_framework.testscript.FillingChatBox.Form_filling(FillingChatBox.java:38)
	at java.base/jdk.internal.reflect.NativeMethodAccessorImpl.invoke0(Native Method)
	at java.base/jdk.internal.reflect.NativeMethodAccessorImpl.invoke(NativeMethodAccessorImpl.java:62)
	at java.base/jdk.internal.reflect.DelegatingMethodAccessorImpl.invoke(DelegatingMethodAccessorImpl.java:43)
	at java.base/java.lang.reflect.Method.invoke(Method.java:564)
	at org.testng.internal.MethodInvocationHelper.invokeMethod(MethodInvocationHelper.java:124)
	at org.testng.internal.Invoker.invokeMethod(Invoker.java:583)
	at org.testng.internal.Invoker.invokeTestMethod(Invoker.java:719)
	at org.testng.internal.Invoker.invokeTestMethods(Invoker.java:989)
	at org.testng.internal.TestMethodWorker.invokeTestMethods(TestMethodWorker.java:125)
	at org.testng.internal.TestMethodWorker.run(TestMethodWorker.java:109)
	at org.testng.TestRunner.privateRun(TestRunner.java:648)
	at org.testng.TestRunner.run(TestRunner.java:505)
	at org.testng.SuiteRunner.runTest(SuiteRunner.java:455)
	at org.testng.SuiteRunner.runSequentially(SuiteRunner.java:450)
	at org.testng.SuiteRunner.privateRun(SuiteRunner.java:415)
	at org.testng.SuiteRunner.run(SuiteRunner.java:364)
	at org.testng.SuiteRunnerWorker.runSuite(SuiteRunnerWorker.java:52)
	at org.testng.SuiteRunnerWorker.run(SuiteRunnerWorker.java:84)
	at org.testng.TestNG.runSuitesSequentially(TestNG.java:1208)
	at org.testng.TestNG.runSuitesLocally(TestNG.java:1137)
	at org.testng.TestNG.runSuites(TestNG.java:1049)
	at org.testng.TestNG.run(TestNG.java:1017)
	at com.atmecs.falcon_framework.runner.TestNGRunner.main(TestNGRunner.java:65)
	at java.base/jdk.internal.reflect.NativeMethodAccessorImpl.invoke0(Native Method)
	at java.base/jdk.internal.reflect.NativeMethodAccessorImpl.invoke(NativeMethodAccessorImpl.java:62)
	at java.base/jdk.internal.reflect.DelegatingMethodAccessorImpl.invoke(DelegatingMethodAccessorImpl.java:43)
	at java.base/java.lang.reflect.Method.invoke(Method.java:564)
	at org.codehaus.mojo.exec.ExecJavaMojo$1.run(ExecJavaMojo.java:294)
	at java.base/java.lang.Thread.run(Thread.java:832)
</pre></div></td>
<td>45</td>
<td>com.atmecs.falcon_framework.testscript.FillingChatBox@3fe4669b</td></tr>
<tr>
<td title='com.atmecs.falcon_framework.testscript.FillingChatBox.Form_filling()'><b>Form_filling</b><br>Test class: com.atmecs.falcon_framework.testscript.FillingChatBox<br>Parameters: bnm, 9.845739743E9, bnm@gmail.com<br/>
<a href="#Output-290368672" onClick='toggleBox("Output-290368672", this, "Show output", "Hide output");'>Show output</a>

<a href="#Output-290368672" onClick="toggleAllBoxes();">Show all outputs</a>
<div class='log' id="Output-290368672">
Opening browser: firefox<br/>
Maximizing browser window<br/>
Switching to frame<br/>
Unable to navigate to frame with element [[FirefoxDriver: firefox on WINDOWS (81469519-e8f9-4e35-9b5d-e46d47e777fc)] -> xpath: //iframe[@id='chat-widget']]<br/>
Clicking chat icon<br/>
No such element found with xpath //div[@class='lc-1z06j5z e1dmt1bi1']<br/>
Locator type doesn't exist null<br/>
Entering name<br/>
No such element found with xpath //input[@id='name']<br/>
</div>
</td>
<td><div><pre>java.lang.NullPointerException
	at com.atmecs.falcon.automation.ui.selenium.TextField.enterTextField(TextField.java:45)
	at com.atmecs.falcon_framework.pages.FillingChatFormPage.enterUserName(FillingChatFormPage.java:37)
	at com.atmecs.falcon_framework.testscript.FillingChatBox.Form_filling(FillingChatBox.java:38)
	at com.atmecs.falcon_framework.runner.TestNGRunner.main(TestNGRunner.java:65)
	at org.codehaus.mojo.exec.ExecJavaMojo$1.run(ExecJavaMojo.java:294)
	at java.base/java.lang.Thread.run(Thread.java:832)
... Removed 26 stack frames</pre></div><a href='#' onClick='toggleBox("stack-trace290368672", this, "Click to show all stack frames", "Click to hide stack frames")'>Click to show all stack frames</a>
<div class='stack-trace' id='stack-trace290368672'><pre>java.lang.NullPointerException
	at com.atmecs.falcon.automation.ui.selenium.TextField.enterTextField(TextField.java:45)
	at com.atmecs.falcon_framework.pages.FillingChatFormPage.enterUserName(FillingChatFormPage.java:37)
	at com.atmecs.falcon_framework.testscript.FillingChatBox.Form_filling(FillingChatBox.java:38)
	at java.base/jdk.internal.reflect.NativeMethodAccessorImpl.invoke0(Native Method)
	at java.base/jdk.internal.reflect.NativeMethodAccessorImpl.invoke(NativeMethodAccessorImpl.java:62)
	at java.base/jdk.internal.reflect.DelegatingMethodAccessorImpl.invoke(DelegatingMethodAccessorImpl.java:43)
	at java.base/java.lang.reflect.Method.invoke(Method.java:564)
	at org.testng.internal.MethodInvocationHelper.invokeMethod(MethodInvocationHelper.java:124)
	at org.testng.internal.Invoker.invokeMethod(Invoker.java:583)
	at org.testng.internal.Invoker.invokeTestMethod(Invoker.java:719)
	at org.testng.internal.Invoker.invokeTestMethods(Invoker.java:989)
	at org.testng.internal.TestMethodWorker.invokeTestMethods(TestMethodWorker.java:125)
	at org.testng.internal.TestMethodWorker.run(TestMethodWorker.java:109)
	at org.testng.TestRunner.privateRun(TestRunner.java:648)
	at org.testng.TestRunner.run(TestRunner.java:505)
	at org.testng.SuiteRunner.runTest(SuiteRunner.java:455)
	at org.testng.SuiteRunner.runSequentially(SuiteRunner.java:450)
	at org.testng.SuiteRunner.privateRun(SuiteRunner.java:415)
	at org.testng.SuiteRunner.run(SuiteRunner.java:364)
	at org.testng.SuiteRunnerWorker.runSuite(SuiteRunnerWorker.java:52)
	at org.testng.SuiteRunnerWorker.run(SuiteRunnerWorker.java:84)
	at org.testng.TestNG.runSuitesSequentially(TestNG.java:1208)
	at org.testng.TestNG.runSuitesLocally(TestNG.java:1137)
	at org.testng.TestNG.runSuites(TestNG.java:1049)
	at org.testng.TestNG.run(TestNG.java:1017)
	at com.atmecs.falcon_framework.runner.TestNGRunner.main(TestNGRunner.java:65)
	at java.base/jdk.internal.reflect.NativeMethodAccessorImpl.invoke0(Native Method)
	at java.base/jdk.internal.reflect.NativeMethodAccessorImpl.invoke(NativeMethodAccessorImpl.java:62)
	at java.base/jdk.internal.reflect.DelegatingMethodAccessorImpl.invoke(DelegatingMethodAccessorImpl.java:43)
	at java.base/java.lang.reflect.Method.invoke(Method.java:564)
	at org.codehaus.mojo.exec.ExecJavaMojo$1.run(ExecJavaMojo.java:294)
	at java.base/java.lang.Thread.run(Thread.java:832)
</pre></div></td>
<td>50</td>
<td>com.atmecs.falcon_framework.testscript.FillingChatBox@3fe4669b</td></tr>
</table><p>
<table width='100%' border='1' class='invocation-passed'>
<tr><td colspan='4' align='center'><b>PASSED TESTS</b></td></tr>
<tr><td><b>Test method</b></td>
<td width="30%"><b>Exception</b></td>
<td width="10%"><b>Time (seconds)</b></td>
<td><b>Instance</b></td>
</tr>
<tr>
<td title='com.atmecs.falcon_framework.testscript.FillingChatBox.Form_filling()'><b>Form_filling</b><br>Test class: com.atmecs.falcon_framework.testscript.FillingChatBox<br>Parameters: abc, 8.574858756E9, abc@gmail.com<br/>
<a href="#Output-1235890570" onClick='toggleBox("Output-1235890570", this, "Show output", "Hide output");'>Show output</a>

<a href="#Output-1235890570" onClick="toggleAllBoxes();">Show all outputs</a>
<div class='log' id="Output-1235890570">
Opening browser: firefox<br/>
Maximizing browser window<br/>
Switching to frame<br/>
Navigated to frame with element [[FirefoxDriver: firefox on WINDOWS (ffed8c8b-dba0-4dd2-af11-729bedface95)] -> xpath: //iframe[@id='chat-widget']]<br/>
Clicking chat icon<br/>
Entering name<br/>
Entering number<br/>
Entering mail<br/>
Clicking the Checkbox<br/>
Clicking dropdown<br/>
Starting the chat<br/>
</div>
</td>
<td></td>
<td>70</td>
<td>com.atmecs.falcon_framework.testscript.FillingChatBox@3fe4669b</td></tr>
<tr>
<td title='com.atmecs.falcon_framework.testscript.FillingChatBox.Form_filling()'><b>Form_filling</b><br>Test class: com.atmecs.falcon_framework.testscript.FillingChatBox<br>Parameters: klj, 9.485398389E9, kjl@gmail.com<br/>
<a href="#Output-1255077413" onClick='toggleBox("Output-1255077413", this, "Show output", "Hide output");'>Show output</a>

<a href="#Output-1255077413" onClick="toggleAllBoxes();">Show all outputs</a>
<div class='log' id="Output-1255077413">
Opening browser: firefox<br/>
Maximizing browser window<br/>
Switching to frame<br/>
Navigated to frame with element [[FirefoxDriver: firefox on WINDOWS (d7125b3a-8856-47ed-bd49-c0e4338439ff)] -> xpath: //iframe[@id='chat-widget']]<br/>
Clicking chat icon<br/>
Entering name<br/>
Entering number<br/>
Entering mail<br/>
Clicking the Checkbox<br/>
Clicking dropdown<br/>
Starting the chat<br/>
</div>
</td>
<td></td>
<td>70</td>
<td>com.atmecs.falcon_framework.testscript.FillingChatBox@3fe4669b</td></tr>
<tr>
<td title='com.atmecs.falcon_framework.testscript.FillingChatBox.Form_filling()'><b>Form_filling</b><br>Test class: com.atmecs.falcon_framework.testscript.FillingChatBox<br>Parameters: jhg, 8.767658687E9, jhg@gmail.com<br/>
<a href="#Output-1430405380" onClick='toggleBox("Output-1430405380", this, "Show output", "Hide output");'>Show output</a>

<a href="#Output-1430405380" onClick="toggleAllBoxes();">Show all outputs</a>
<div class='log' id="Output-1430405380">
Opening browser: firefox<br/>
Maximizing browser window<br/>
Switching to frame<br/>
Navigated to frame with element [[FirefoxDriver: firefox on WINDOWS (c65ac760-7fc3-4512-8960-66caf5fbda41)] -> xpath: //iframe[@id='chat-widget']]<br/>
Clicking chat icon<br/>
Entering name<br/>
Entering number<br/>
Entering mail<br/>
Clicking the Checkbox<br/>
Clicking dropdown<br/>
Starting the chat<br/>
</div>
</td>
<td></td>
<td>59</td>
<td>com.atmecs.falcon_framework.testscript.FillingChatBox@3fe4669b</td></tr>
</table><p>
</body>
</html>