<?xml version="1.0" encoding="UTF-8"?>
<!-- Generated by org.testng.reporters.JUnitXMLReporter -->
<testsuite ignored="0" hostname="ATMECSINLT-601" failures="1" tests="1" name="SampleTest" time="0.08" errors="0" timestamp="19 Nov 2020 10:19:53 GMT">
  <testcase classname="com.atmecs.falcon_framework.testscript.FillingChatBox" name="sampleTest" time="0.0">
    <failure type="org.testng.TestNGException" message="
Parameter &amp;apos;os&amp;apos; is required by @Test on method sampleTest but has not been marked @Optional or defined
in C:\Users\alfin.anthonyraj\Automation_Selenium\falcon-framework\src\main\resources\suitefile\handlingframes.xml">
      <![CDATA[org.testng.TestNGException: 
Parameter 'os' is required by @Test on method sampleTest but has not been marked @Optional or defined
in C:\Users\alfin.anthonyraj\Automation_Selenium\falcon-framework\src\main\resources\suitefile\handlingframes.xml
... Removed 24 stack frames]]>
    </failure>
  </testcase> <!-- sampleTest -->
</testsuite> <!-- SampleTest -->
